<?xml version="1.0" encoding="UTF-8"?>
<!-- Generated by org.testng.reporters.JUnitReportReporter -->
<testsuite hostname="khalil-VirtualBox" name="com.nackademin.khalil_chemali_assignment02.AdvancedCalculatorTest" tests="5" failures="0" timestamp="10 Mar 2021 19:53:37 GMT" time="0.372" errors="0">
  <testcase name="testMaxValue" time="0.103" classname="com.nackademin.khalil_chemali_assignment02.AdvancedCalculatorTest"/>
  <testcase name="testPowerOf" time="0.134" classname="com.nackademin.khalil_chemali_assignment02.AdvancedCalculatorTest"/>
  <testcase name="testSquareRoot" time="0.045" classname="com.nackademin.khalil_chemali_assignment02.AdvancedCalculatorTest"/>
  <testcase name="testSquare" time="0.047" classname="com.nackademin.khalil_chemali_assignment02.AdvancedCalculatorTest"/>
  <testcase name="testAbsoluteValue" time="0.043" classname="com.nackademin.khalil_chemali_assignment02.AdvancedCalculatorTest"/>
</testsuite> <!-- com.nackademin.khalil_chemali_assignment02.AdvancedCalculatorTest -->
