<?xml version="1.0" encoding="UTF-8"?>
<!-- Generated by org.testng.reporters.JUnitReportReporter -->
<testsuite hostname="khalil-VirtualBox" name="com.nackademin.khalil_chemali_assignment02.BacisCalculatorTest" tests="4" failures="0" timestamp="10 Mar 2021 19:53:37 GMT" time="0.167" errors="0">
  <testcase name="testMultiplication" time="0.053" classname="com.nackademin.khalil_chemali_assignment02.BacisCalculatorTest"/>
  <testcase name="testDivision" time="0.035" classname="com.nackademin.khalil_chemali_assignment02.BacisCalculatorTest"/>
  <testcase name="testAddition" time="0.040" classname="com.nackademin.khalil_chemali_assignment02.BacisCalculatorTest"/>
  <testcase name="testSubtraction" time="0.039" classname="com.nackademin.khalil_chemali_assignment02.BacisCalculatorTest"/>
</testsuite> <!-- com.nackademin.khalil_chemali_assignment02.BacisCalculatorTest -->
